<?xml version="1.0" encoding="UTF-8"?>
<!-- Generated by org.testng.reporters.JUnitReportReporter -->
<testsuite skipped="0" hostname="Abubakar" name="tests.Companies" tests="1" failures="0" timestamp="09 Dec 2018 15:32:21 GMT" time="11.862" errors="0">
  <testcase name="create_new_company" time="11.862" classname="tests.Companies"/>
</testsuite> <!-- tests.Companies -->
