<?xml version="1.0" encoding="UTF-8"?>
<!-- Generated by org.testng.reporters.JUnitReportReporter -->
<testsuite skipped="0" hostname="Abubakar" name="tests.Companies" tests="1" failures="0" timestamp="21 Nov 2018 17:33:53 GMT" time="10.353" errors="0">
  <testcase name="create_new_company" time="10.353" classname="tests.Companies"/>
</testsuite> <!-- tests.Companies -->
